0 info it worked if it ends with ok
1 verbose cli [ 'C:\\Program Files\\nodejs\\node.exe',
1 verbose cli   'C:\\Program Files\\nodejs\\node_modules\\npm\\bin\\npm-cli.js',
1 verbose cli   'run',
1 verbose cli   'build' ]
2 info using npm@3.10.8
3 info using node@v6.9.1
4 verbose run-script [ 'prebuild', 'build', 'postbuild' ]
5 info lifecycle focus-comments@0.3.7~prebuild: focus-comments@0.3.7
6 silly lifecycle focus-comments@0.3.7~prebuild: no script for prebuild, continuing
7 info lifecycle focus-comments@0.3.7~build: focus-comments@0.3.7
8 verbose lifecycle focus-comments@0.3.7~build: unsafe-perm in lifecycle true
9 verbose lifecycle focus-comments@0.3.7~build: PATH: C:\Program Files\nodejs\node_modules\npm\bin\node-gyp-bin;D:\Sources\Klepierre_Atlas\Feature\Feature\Sources\Atlas.SPA\focus-comments\node_modules\.bin;C:\Users\cboulet-kessler\bin;C:\Program Files\Git\mingw64\bin;C:\Program Files\Git\usr\local\bin;C:\Program Files\Git\usr\bin;C:\Program Files\Git\usr\bin;C:\Program Files\Git\mingw64\bin;C:\Program Files\Git\usr\bin;C:\Users\cboulet-kessler\bin;C:\Program Files (x86)\Intel\iCLS Client;C:\Program Files\Intel\iCLS Client;C:\ProgramData\Oracle\Java\javapath;D:\app\client\cboulet-kessler\product\12.1.0\client_1\bin;G:\app\client\cboulet-kessler\product\12.1.0\client_1\bin;C:\windows\system32;C:\windows;C:\windows\System32\Wbem;C:\windows\System32\WindowsPowerShell\v1.0;C:\Program Files (x86)\Sennheiser\SoftphoneSDK;C:\Program Files\Microsoft SQL Server\130\Tools\Binn;C:\Program Files\nodejs;C:\Program Files\Microsoft SQL Server\110\Tools\Binn;C:\Program Files\Microsoft SQL Server\120\Tools\Binn;C:\Program Files (x86)\Microsoft Team Foundation Server 2013 Power Tools;C:\Program Files (x86)\Microsoft Team Foundation Server 2013 Power Tools\Best Practices Analyzer;C:\Program Files\Microsoft SQL Server\100\DTS\Binn;C:\Program Files (x86)\Microsoft SQL Server\100\Tools\Binn\VSShell\Common7\IDE;C:\Program Files (x86)\Microsoft SQL Server\100\Tools\Binn;C:\Program Files\Microsoft SQL Server\100\Tools\Binn;C:\Program Files (x86)\Microsoft Visual Studio 9.0\Common7\IDE\PrivateAssemblies;C:\Program Files (x86)\Microsoft SQL Server\100\DTS\Binn;C:\windows\System32\WindowsPowerShell\v1.0;C:\Program Files\dotnet;C:\Program Files (x86)\Intel\UCRT;C:\Program Files\Intel\UCRT;C:\Program Files (x86)\Intel\Intel(R) Management Engine Components\DAL;C:\Program Files\Intel\Intel(R) Management Engine Components\DAL;C:\Program Files (x86)\Intel\Intel(R) Management Engine Components\IPT;C:\Program Files\Intel\Intel(R) Management Engine Components\IPT;C:\windows\System32\WindowsPowerShell\v1.0;C:\Program Files\TortoiseGit\bin;C:\Program Files (x86)\Windows Kits\8.1\Windows Performance Toolkit;C:\Program Files (x86)\Microsoft SDKs\TypeScript\1.0;C:\Program Files\Microsoft DNX\Dnvm;C:\Program Files\Git\cmd;C:\Users\cboulet-kessler\AppData\Roaming\npm;C:\Program Files (x86)\Microsoft Visual Studio 14.0\Common7\IDE;C:\Program Files\Apache\apache-maven-3.3.9\bin;C:\Users\cboulet-kessler\AppData\Local\Programs\Fiddler;C:\Program Files (x86)\Microsoft SDKs\Windows\v8.1A\bin\NETFX 4.5.1 Tools;C:\Program Files\Heroku\bin;C:\Program Files\Microsoft VS Code\bin;C:\Program Files\Git\usr\bin\vendor_perl;C:\Program Files\Git\usr\bin\core_perl
10 verbose lifecycle focus-comments@0.3.7~build: CWD: D:\Sources\Klepierre_Atlas\Feature\Feature\Sources\Atlas.SPA\focus-comments
11 silly lifecycle focus-comments@0.3.7~build: Args: [ '/d /s /c',
11 silly lifecycle   'npm run babelify && npm run copy-sass && npm run bundle' ]
12 silly lifecycle focus-comments@0.3.7~build: Returned: code: 1  signal: null
13 info lifecycle focus-comments@0.3.7~build: Failed to exec build script
14 verbose stack Error: focus-comments@0.3.7 build: `npm run babelify && npm run copy-sass && npm run bundle`
14 verbose stack Exit status 1
14 verbose stack     at EventEmitter.<anonymous> (C:\Program Files\nodejs\node_modules\npm\lib\utils\lifecycle.js:255:16)
14 verbose stack     at emitTwo (events.js:106:13)
14 verbose stack     at EventEmitter.emit (events.js:191:7)
14 verbose stack     at ChildProcess.<anonymous> (C:\Program Files\nodejs\node_modules\npm\lib\utils\spawn.js:40:14)
14 verbose stack     at emitTwo (events.js:106:13)
14 verbose stack     at ChildProcess.emit (events.js:191:7)
14 verbose stack     at maybeClose (internal/child_process.js:877:16)
14 verbose stack     at Process.ChildProcess._handle.onexit (internal/child_process.js:226:5)
15 verbose pkgid focus-comments@0.3.7
16 verbose cwd D:\Sources\Klepierre_Atlas\Feature\Feature\Sources\Atlas.SPA\focus-comments
17 error Windows_NT 6.1.7601
18 error argv "C:\\Program Files\\nodejs\\node.exe" "C:\\Program Files\\nodejs\\node_modules\\npm\\bin\\npm-cli.js" "run" "build"
19 error node v6.9.1
20 error npm  v3.10.8
21 error code ELIFECYCLE
22 error focus-comments@0.3.7 build: `npm run babelify && npm run copy-sass && npm run bundle`
22 error Exit status 1
23 error Failed at the focus-comments@0.3.7 build script 'npm run babelify && npm run copy-sass && npm run bundle'.
23 error Make sure you have the latest version of node.js and npm installed.
23 error If you do, this is most likely a problem with the focus-comments package,
23 error not with npm itself.
23 error Tell the author that this fails on your system:
23 error     npm run babelify && npm run copy-sass && npm run bundle
23 error You can get information on how to open an issue for this project with:
23 error     npm bugs focus-comments
23 error Or if that isn't available, you can get their info via:
23 error     npm owner ls focus-comments
23 error There is likely additional logging output above.
24 verbose exit [ 1, true ]
